<?xml version="1.0" encoding="UTF-8"?>
<!-- Generated by org.testng.reporters.JUnitReportReporter -->
<testsuite hostname="Sasikumar" failures="0" tests="1" name="org.automation.test.stores.testcases.Home" time="1.769" errors="0" timestamp="2024-01-11T02:32:40 IST" skipped="0">
  <testcase classname="org.automation.test.stores.testcases.Home" name="performHome" time="1.769"/>
</testsuite> <!-- org.automation.test.stores.testcases.Home -->
