<?xml version="1.0" encoding="UTF-8"?>
<!-- Generated by org.testng.reporters.JUnitReportReporter -->
<testsuite hostname="Sasikumar" failures="0" tests="1" name="org.project.testcases.Home" time="18.917" errors="0" timestamp="2024-01-11T12:41:19 IST" skipped="0">
  <testcase classname="org.project.testcases.Home" name="performHome" time="18.917"/>
</testsuite> <!-- org.project.testcases.Home -->
