<?xml version="1.0" encoding="UTF-8"?>
<!-- Generated by org.testng.reporters.JUnitReportReporter -->
<testsuite hostname="Sasikumar" failures="0" tests="1" name="org.automation.test.stores.testcases.AddToCartTest" time="7.774" errors="0" timestamp="2024-01-11T05:19:50 IST" skipped="0">
  <testcase classname="org.automation.test.stores.testcases.AddToCartTest" name="addToCartTest" time="7.774"/>
</testsuite> <!-- org.automation.test.stores.testcases.AddToCartTest -->
