<?xml version="1.0" encoding="UTF-8"?>
<!-- Generated by org.testng.reporters.JUnitReportReporter -->
<testsuite hostname="Sasikumar" failures="0" tests="1" name="org.automation.test.stores.testcases.EditAccountDetails" time="4.097" errors="0" timestamp="2024-01-11T03:37:51 IST" skipped="0">
  <testcase classname="org.automation.test.stores.testcases.EditAccountDetails" name="editAccountDetails" time="4.097"/>
</testsuite> <!-- org.automation.test.stores.testcases.EditAccountDetails -->
