<?xml version="1.0" encoding="UTF-8"?>
<!-- Generated by org.testng.reporters.JUnitReportReporter -->
<testsuite hostname="Sasikumar" failures="0" tests="1" name="org.automation.test.stores.testcases.AutomationTestStore" time="1.930" errors="0" timestamp="2024-01-11T02:24:41 IST" skipped="0">
  <testcase classname="org.automation.test.stores.testcases.AutomationTestStore" name="createAccount" time="1.930"/>
</testsuite> <!-- org.automation.test.stores.testcases.AutomationTestStore -->
