<?xml version="1.0" encoding="UTF-8"?>
<!-- Generated by org.testng.reporters.JUnitReportReporter -->
<testsuite hostname="Sasikumar" failures="0" tests="1" name="org.automation.test.stores.testcases.AddToCartTest" time="6.108" errors="0" timestamp="2024-01-11T04:38:40 IST" skipped="0">
  <testcase classname="org.automation.test.stores.testcases.AddToCartTest" name="addToCartTest" time="6.108"/>
</testsuite> <!-- org.automation.test.stores.testcases.AddToCartTest -->
