<?xml version="1.0" encoding="UTF-8"?>
<!-- Generated by org.testng.reporters.JUnitReportReporter -->
<testsuite hostname="Sasikumar" failures="0" tests="1" name="org.automation.test.stores.testcases.LoginAccountTesting" time="2.011" errors="0" timestamp="2024-01-11T03:19:36 IST" skipped="0">
  <testcase classname="org.automation.test.stores.testcases.LoginAccountTesting" name="LoginAccount" time="2.011"/>
</testsuite> <!-- org.automation.test.stores.testcases.LoginAccountTesting -->
