<?xml version="1.0" encoding="UTF-8"?>
<!-- Generated by org.testng.reporters.JUnitReportReporter -->
<testsuite hostname="Sasikumar" failures="0" tests="1" name="org.automation.test.stores.testcases.CreateAccountTest" time="4.493" errors="0" timestamp="2024-01-11T03:12:11 IST" skipped="0">
  <testcase classname="org.automation.test.stores.testcases.CreateAccountTest" name="createAccount" time="4.493"/>
</testsuite> <!-- org.automation.test.stores.testcases.CreateAccountTest -->
