<?xml version="1.0" encoding="UTF-8"?>
<!-- Generated by org.testng.reporters.JUnitReportReporter -->
<testsuite hostname="Sasikumar" failures="0" tests="1" name="org.project.testcases.Login" time="5.955" errors="0" timestamp="2024-01-11T12:41:19 IST" skipped="0">
  <testcase classname="org.project.testcases.Login" name="performLogin" time="5.955"/>
</testsuite> <!-- org.project.testcases.Login -->
